<?xml version="1.0" encoding="UTF-8"?>
<!-- Generated by org.testng.reporters.JUnitReportReporter -->
<testsuite hostname="18SLMAR" failures="0" tests="1" name="com.webappsecurity.zero.testscripts.VerifyFundTransferTest" time="12.757" errors="0" timestamp="2022-06-15T11:41:28 EDT" skipped="0">
  <testcase classname="com.webappsecurity.zero.testscripts.VerifyFundTransferTest" name="verifyFundTransfer" time="12.757"/>
  <system-out/>
</testsuite> <!-- com.webappsecurity.zero.testscripts.VerifyFundTransferTest -->
