<?xml version="1.0" encoding="UTF-8"?>
<!-- Generated by org.testng.reporters.JUnitReportReporter -->
<testsuite hostname="18SLMAR" failures="0" tests="1" name="keyworddrivenframework.Application" time="40.462" errors="0" timestamp="2022-06-15T22:13:31 EDT" skipped="0">
  <testcase classname="keyworddrivenframework.Application" name="verifyInvalidLogin" time="40.462"/>
  <system-out/>
</testsuite> <!-- keyworddrivenframework.Application -->
